  maths_funcs.cpp
f:\opengl\3\src\maths_funcs.cpp(139): warning C4244: 'return': conversion from 'double' to 'float', possible loss of data
f:\opengl\3\src\maths_funcs.cpp(258): warning C4244: 'return': conversion from 'double' to 'float', possible loss of data
f:\opengl\3\src\maths_funcs.cpp(262): warning C4244: 'initializing': conversion from 'double' to 'float', possible loss of data
f:\opengl\3\src\maths_funcs.cpp(442): warning C4244: 'initializing': conversion from 'double' to 'float', possible loss of data
f:\opengl\3\src\maths_funcs.cpp(444): warning C4244: '=': conversion from 'double' to 'float', possible loss of data
f:\opengl\3\src\maths_funcs.cpp(445): warning C4244: '=': conversion from 'double' to 'float', possible loss of data
f:\opengl\3\src\maths_funcs.cpp(446): warning C4244: '=': conversion from 'double' to 'float', possible loss of data
f:\opengl\3\src\maths_funcs.cpp(447): warning C4244: '=': conversion from 'double' to 'float', possible loss of data
f:\opengl\3\src\maths_funcs.cpp(454): warning C4244: 'initializing': conversion from 'double' to 'float', possible loss of data
f:\opengl\3\src\maths_funcs.cpp(456): warning C4244: '=': conversion from 'double' to 'float', possible loss of data
f:\opengl\3\src\maths_funcs.cpp(457): warning C4244: '=': conversion from 'double' to 'float', possible loss of data
f:\opengl\3\src\maths_funcs.cpp(458): warning C4244: '=': conversion from 'double' to 'float', possible loss of data
f:\opengl\3\src\maths_funcs.cpp(459): warning C4244: '=': conversion from 'double' to 'float', possible loss of data
f:\opengl\3\src\maths_funcs.cpp(466): warning C4244: 'initializing': conversion from 'double' to 'float', possible loss of data
f:\opengl\3\src\maths_funcs.cpp(468): warning C4244: '=': conversion from 'double' to 'float', possible loss of data
f:\opengl\3\src\maths_funcs.cpp(469): warning C4244: '=': conversion from 'double' to 'float', possible loss of data
f:\opengl\3\src\maths_funcs.cpp(470): warning C4244: '=': conversion from 'double' to 'float', possible loss of data
f:\opengl\3\src\maths_funcs.cpp(471): warning C4244: '=': conversion from 'double' to 'float', possible loss of data
f:\opengl\3\src\maths_funcs.cpp(514): warning C4244: 'initializing': conversion from 'double' to 'float', possible loss of data
f:\opengl\3\src\maths_funcs.cpp(515): warning C4244: 'initializing': conversion from 'double' to 'float', possible loss of data
f:\opengl\3\src\maths_funcs.cpp(580): warning C4244: '=': conversion from 'double' to 'float', possible loss of data
f:\opengl\3\src\maths_funcs.cpp(581): warning C4244: '=': conversion from 'double' to 'float', possible loss of data
f:\opengl\3\src\maths_funcs.cpp(582): warning C4244: '=': conversion from 'double' to 'float', possible loss of data
f:\opengl\3\src\maths_funcs.cpp(583): warning C4244: '=': conversion from 'double' to 'float', possible loss of data
f:\opengl\3\src\maths_funcs.cpp(588): warning C4244: 'argument': conversion from 'double' to 'float', possible loss of data
f:\opengl\3\src\maths_funcs.cpp(613): warning C4244: 'initializing': conversion from 'double' to 'float', possible loss of data
f:\opengl\3\src\maths_funcs.cpp(640): warning C4244: 'initializing': conversion from 'double' to 'float', possible loss of data
f:\opengl\3\src\maths_funcs.cpp(650): warning C4244: 'initializing': conversion from 'double' to 'float', possible loss of data
f:\opengl\3\src\maths_funcs.cpp(651): warning C4244: 'initializing': conversion from 'double' to 'float', possible loss of data
f:\opengl\3\src\maths_funcs.cpp(652): warning C4244: 'initializing': conversion from 'double' to 'float', possible loss of data
  main.cpp
  gl_utils.cpp
f:\opengl\3\src\gl_utils.cpp(25): warning C4996: 'fopen': This function or variable may be unsafe. Consider using fopen_s instead. To disable deprecation, use _CRT_SECURE_NO_WARNINGS. See online help for details.
  c:\program files (x86)\windows kits\10\include\10.0.10240.0\ucrt\stdio.h(205): note: see declaration of 'fopen'
f:\opengl\3\src\gl_utils.cpp(32): warning C4996: 'ctime': This function or variable may be unsafe. Consider using ctime_s instead. To disable deprecation, use _CRT_SECURE_NO_WARNINGS. See online help for details.
  c:\program files (x86)\windows kits\10\include\10.0.10240.0\ucrt\time.h(475): note: see declaration of 'ctime'
f:\opengl\3\src\gl_utils.cpp(40): warning C4996: 'fopen': This function or variable may be unsafe. Consider using fopen_s instead. To disable deprecation, use _CRT_SECURE_NO_WARNINGS. See online help for details.
  c:\program files (x86)\windows kits\10\include\10.0.10240.0\ucrt\stdio.h(205): note: see declaration of 'fopen'
f:\opengl\3\src\gl_utils.cpp(56): warning C4996: 'fopen': This function or variable may be unsafe. Consider using fopen_s instead. To disable deprecation, use _CRT_SECURE_NO_WARNINGS. See online help for details.
  c:\program files (x86)\windows kits\10\include\10.0.10240.0\ucrt\stdio.h(205): note: see declaration of 'fopen'
f:\opengl\3\src\gl_utils.cpp(145): warning C4996: 'sprintf': This function or variable may be unsafe. Consider using sprintf_s instead. To disable deprecation, use _CRT_SECURE_NO_WARNINGS. See online help for details.
  c:\program files (x86)\windows kits\10\include\10.0.10240.0\ucrt\stdio.h(1769): note: see declaration of 'sprintf'
f:\opengl\3\src\gl_utils.cpp(155): warning C4996: 'fopen': This function or variable may be unsafe. Consider using fopen_s instead. To disable deprecation, use _CRT_SECURE_NO_WARNINGS. See online help for details.
  c:\program files (x86)\windows kits\10\include\10.0.10240.0\ucrt\stdio.h(205): note: see declaration of 'fopen'
f:\opengl\3\src\gl_utils.cpp(162): warning C4996: 'strcpy': This function or variable may be unsafe. Consider using strcpy_s instead. To disable deprecation, use _CRT_SECURE_NO_WARNINGS. See online help for details.
  c:\program files (x86)\windows kits\10\include\10.0.10240.0\ucrt\string.h(119): note: see declaration of 'strcpy'
f:\opengl\3\src\gl_utils.cpp(170): warning C4996: 'strcat': This function or variable may be unsafe. Consider using strcat_s instead. To disable deprecation, use _CRT_SECURE_NO_WARNINGS. See online help for details.
  c:\program files (x86)\windows kits\10\include\10.0.10240.0\ucrt\string.h(90): note: see declaration of 'strcat'
  Generating Code...
  stb_image.c
f:\opengl\3\src\stb_image.c(108): warning C4028: formal parameter 2 different from declaration
f:\opengl\3\src\stb_image.c(213): warning C4996: 'fopen': This function or variable may be unsafe. Consider using fopen_s instead. To disable deprecation, use _CRT_SECURE_NO_WARNINGS. See online help for details.
  c:\program files (x86)\windows kits\10\include\10.0.10240.0\ucrt\stdio.h(205): note: see declaration of 'fopen'
f:\opengl\3\src\stb_image.c(274): warning C4996: 'fopen': This function or variable may be unsafe. Consider using fopen_s instead. To disable deprecation, use _CRT_SECURE_NO_WARNINGS. See online help for details.
  c:\program files (x86)\windows kits\10\include\10.0.10240.0\ucrt\stdio.h(205): note: see declaration of 'fopen'
f:\opengl\3\src\stb_image.c(310): warning C4996: 'fopen': This function or variable may be unsafe. Consider using fopen_s instead. To disable deprecation, use _CRT_SECURE_NO_WARNINGS. See online help for details.
  c:\program files (x86)\windows kits\10\include\10.0.10240.0\ucrt\stdio.h(205): note: see declaration of 'fopen'
f:\opengl\3\src\stb_image.c(4490): warning C4996: 'fopen': This function or variable may be unsafe. Consider using fopen_s instead. To disable deprecation, use _CRT_SECURE_NO_WARNINGS. See online help for details.
  c:\program files (x86)\windows kits\10\include\10.0.10240.0\ucrt\stdio.h(205): note: see declaration of 'fopen'
  04_textures.vcxproj -> F:\opengl\3\src\Debug\04_textures.exe
